<?xml version="1.0" encoding="UTF-8"?>
<!-- Generated by org.testng.reporters.JUnitXMLReporter -->
<testsuite hostname="LAPTOP-JVG2QC63" ignored="0" name="Test2" tests="3" failures="0" timestamp="2020-12-20T21:46:45 IST" time="6.44" errors="0">
  <testcase name="Login" time="5.302" classname="project.FlyAwayTest.testCases.APITestCases"/>
  <testcase name="Search" time="0.896" classname="project.FlyAwayTest.testCases.APITestCases"/>
  <testcase name="Signup" time="0.232" classname="project.FlyAwayTest.testCases.APITestCases"/>
</testsuite> <!-- Test2 -->
