<?xml version="1.0" encoding="UTF-8"?>
<!-- Generated by org.testng.reporters.JUnitXMLReporter -->
<testsuite hostname="LAPTOP-JVG2QC63" ignored="0" name="Test2" tests="3" failures="0" timestamp="2020-12-22T00:24:44 IST" time="21.759" errors="0">
  <testcase name="Login" time="17.443" classname="project.FlyAwayTest.testCases.APITestCases"/>
  <testcase name="Search" time="3.721" classname="project.FlyAwayTest.testCases.APITestCases"/>
  <testcase name="Signup" time="0.595" classname="project.FlyAwayTest.testCases.APITestCases"/>
</testsuite> <!-- Test2 -->
